app/build/outputs/logs/manifest-merger-debug-report.txt
-- Merging decision tree log ---
manifest
ADDED from src\main\AndroidManifest.xml:2:1-144:12
	package
		ADDED from src\main\AndroidManifest.xml:3:5-35
		INJECTED from src\main\AndroidManifest.xml
		INJECTED from src\main\AndroidManifest.xml
	android:versionName
		ADDED from src\main\AndroidManifest.xml:5:5-30
		INJECTED from src\main\AndroidManifest.xml
		INJECTED from src\main\AndroidManifest.xml
	android:versionCode
		ADDED from src\main\AndroidManifest.xml:4:5-28
		INJECTED from src\main\AndroidManifest.xml
		INJECTED from src\main\AndroidManifest.xml
	xmlns:android
		ADDED from src\main\AndroidManifest.xml:2:11-69
uses-sdk
ADDED from src\main\AndroidManifest.xml:7:5-9:41
	android:targetSdkVersion
		ADDED from src\main\AndroidManifest.xml:9:9-38
		INJECTED from src\main\AndroidManifest.xml
		INJECTED from src\main\AndroidManifest.xml
	android:minSdkVersion
		ADDED from src\main\AndroidManifest.xml:8:9-34
		INJECTED from src\main\AndroidManifest.xml
		INJECTED from src\main\AndroidManifest.xml
uses-permission#android.permission.BLUETOOTH_ADMIN
ADDED from src\main\AndroidManifest.xml:11:5-74
	android:name
		ADDED from src\main\AndroidManifest.xml:11:22-71
uses-permission#android.permission.BLUETOOTH
ADDED from src\main\AndroidManifest.xml:12:5-68
	android:name
		ADDED from src\main\AndroidManifest.xml:12:22-65
uses-permission#android.permission.MOUNT_UNMOUNT_FILESYSTEMS
ADDED from src\main\AndroidManifest.xml:13:5-84
	android:name
		ADDED from src\main\AndroidManifest.xml:13:22-81
uses-permission#android.permission.WRITE_EXTERNAL_STORAGE
ADDED from src\main\AndroidManifest.xml:14:2-77
	android:name
		ADDED from src\main\AndroidManifest.xml:14:19-75
uses-permission#android.permission.READ_EXTERNAL_STORAGE
ADDED from src\main\AndroidManifest.xml:15:2-76
	android:name
		ADDED from src\main\AndroidManifest.xml:15:19-74
uses-permission#android.permission.WAKE_LOCK
ADDED from src\main\AndroidManifest.xml:16:5-67
	android:name
		ADDED from src\main\AndroidManifest.xml:16:22-65
uses-permission#android.permission.SYSTEM_ALERT_WINDOW
ADDED from src\main\AndroidManifest.xml:17:2-74
	android:name
		ADDED from src\main\AndroidManifest.xml:17:19-72
uses-permission#android.permission.WRITE_MEDIA_STORAGE
ADDED from src\main\AndroidManifest.xml:18:2-74
	android:name
		ADDED from src\main\AndroidManifest.xml:18:19-72
application
ADDED from src\main\AndroidManifest.xml:20:5-142:19
	android:label
		ADDED from src\main\AndroidManifest.xml:22:9-41
	android:icon
		ADDED from src\main\AndroidManifest.xml:21:9-40
activity#com.example.android.BluetoothChat.main
ADDED from src\main\AndroidManifest.xml:24:9-35:20
	android:screenOrientation
		ADDED from src\main\AndroidManifest.xml:29:13-49
	android:label
		ADDED from src\main\AndroidManifest.xml:27:13-45
	android:configChanges
		ADDED from src\main\AndroidManifest.xml:26:13-63
	android:theme
		ADDED from src\main\AndroidManifest.xml:28:13-77
	android:name
		ADDED from src\main\AndroidManifest.xml:25:13-66
intent-filter#android.intent.action.MAIN+android.intent.category.LAUNCHER
ADDED from src\main\AndroidManifest.xml:30:13-34:29
action#android.intent.action.MAIN
ADDED from src\main\AndroidManifest.xml:31:17-69
	android:name
		ADDED from src\main\AndroidManifest.xml:31:25-66
category#android.intent.category.LAUNCHER
ADDED from src\main\AndroidManifest.xml:33:17-77
	android:name
		ADDED from src\main\AndroidManifest.xml:33:27-74
activity#com.example.android.BluetoothChat.Online
ADDED from src\main\AndroidManifest.xml:36:10-41:52
	android:screenOrientation
		ADDED from src\main\AndroidManifest.xml:41:13-49
	android:label
		ADDED from src\main\AndroidManifest.xml:39:13-45
	android:configChanges
		ADDED from src\main\AndroidManifest.xml:38:13-63
	android:theme
		ADDED from src\main\AndroidManifest.xml:40:13-77
	android:name
		ADDED from src\main\AndroidManifest.xml:37:13-68
activity#com.example.android.BluetoothChat.RotateRPolygon
ADDED from src\main\AndroidManifest.xml:42:11-45:52
	android:screenOrientation
		ADDED from src\main\AndroidManifest.xml:45:13-49
	android:label
		ADDED from src\main\AndroidManifest.xml:44:13-45
	android:name
		ADDED from src\main\AndroidManifest.xml:43:13-76
activity#com.example.android.BluetoothChat.tesy123
ADDED from src\main\AndroidManifest.xml:46:10-50:52
	android:screenOrientation
		ADDED from src\main\AndroidManifest.xml:50:13-49
	android:label
		ADDED from src\main\AndroidManifest.xml:49:13-45
	android:configChanges
		ADDED from src\main\AndroidManifest.xml:48:13-63
	android:name
		ADDED from src\main\AndroidManifest.xml:47:13-69
activity#com.example.android.BluetoothChat.InitMark
ADDED from src\main\AndroidManifest.xml:51:10-56:52
	android:screenOrientation
		ADDED from src\main\AndroidManifest.xml:56:13-49
	android:label
		ADDED from src\main\AndroidManifest.xml:54:13-45
	android:configChanges
		ADDED from src\main\AndroidManifest.xml:53:13-63
	android:theme
		ADDED from src\main\AndroidManifest.xml:55:13-77
	android:name
		ADDED from src\main\AndroidManifest.xml:52:13-70
activity#com.example.android.BluetoothChat.Mark
ADDED from src\main\AndroidManifest.xml:57:10-62:52
	android:screenOrientation
		ADDED from src\main\AndroidManifest.xml:62:13-49
	android:label
		ADDED from src\main\AndroidManifest.xml:60:13-45
	android:configChanges
		ADDED from src\main\AndroidManifest.xml:59:13-63
	android:theme
		ADDED from src\main\AndroidManifest.xml:61:13-77
	android:name
		ADDED from src\main\AndroidManifest.xml:58:13-66
activity#com.example.android.BluetoothChat.BluetoothChat
ADDED from src\main\AndroidManifest.xml:63:9-67:52
	android:screenOrientation
		ADDED from src\main\AndroidManifest.xml:67:13-49
	android:label
		ADDED from src\main\AndroidManifest.xml:66:13-45
	android:configChanges
		ADDED from src\main\AndroidManifest.xml:65:13-63
	android:name
		ADDED from src\main\AndroidManifest.xml:64:13-75
activity#com.example.android.BluetoothChat.Setting
ADDED from src\main\AndroidManifest.xml:68:9-73:52
	android:screenOrientation
		ADDED from src\main\AndroidManifest.xml:73:13-49
	android:label
		ADDED from src\main\AndroidManifest.xml:71:13-45
	android:configChanges
		ADDED from src\main\AndroidManifest.xml:70:13-63
	android:theme
		ADDED from src\main\AndroidManifest.xml:72:13-77
	android:name
		ADDED from src\main\AndroidManifest.xml:69:13-69
activity#com.example.android.BluetoothChat.DeviceListActivity
ADDED from src\main\AndroidManifest.xml:74:9-79:52
	android:screenOrientation
		ADDED from src\main\AndroidManifest.xml:79:13-49
	android:label
		ADDED from src\main\AndroidManifest.xml:77:13-51
	android:configChanges
		ADDED from src\main\AndroidManifest.xml:76:13-63
	android:theme
		ADDED from src\main\AndroidManifest.xml:78:13-56
	android:name
		ADDED from src\main\AndroidManifest.xml:75:13-80
activity#com.throne.digtool.Draw3D
ADDED from src\main\AndroidManifest.xml:80:9-84:53
	android:screenOrientation
		ADDED from src\main\AndroidManifest.xml:84:14-50
	android:label
		ADDED from src\main\AndroidManifest.xml:82:13-45
	android:theme
		ADDED from src\main\AndroidManifest.xml:83:14-78
	android:name
		ADDED from src\main\AndroidManifest.xml:81:13-53
activity#com.throne.digtool.MainActivity
ADDED from src\main\AndroidManifest.xml:85:9-89:53
	android:screenOrientation
		ADDED from src\main\AndroidManifest.xml:89:14-50
	android:label
		ADDED from src\main\AndroidManifest.xml:87:13-45
	android:theme
		ADDED from src\main\AndroidManifest.xml:88:14-78
	android:name
		ADDED from src\main\AndroidManifest.xml:86:13-59
activity#com.example.android.BluetoothChat.DeviceListActivityAuto
ADDED from src\main\AndroidManifest.xml:91:9-95:52
	android:screenOrientation
		ADDED from src\main\AndroidManifest.xml:95:13-49
	android:configChanges
		ADDED from src\main\AndroidManifest.xml:93:13-63
	android:theme
		ADDED from src\main\AndroidManifest.xml:94:13-56
	android:name
		ADDED from src\main\AndroidManifest.xml:92:13-84
activity#com.example.android.BluetoothChat.logs
ADDED from src\main\AndroidManifest.xml:96:9-101:52
	android:screenOrientation
		ADDED from src\main\AndroidManifest.xml:101:13-49
	android:label
		ADDED from src\main\AndroidManifest.xml:100:13-41
	android:configChanges
		ADDED from src\main\AndroidManifest.xml:98:13-63
	android:theme
		ADDED from src\main\AndroidManifest.xml:99:13-56
	android:name
		ADDED from src\main\AndroidManifest.xml:97:13-66
activity#com.example.android.BluetoothChat.waitting
ADDED from src\main\AndroidManifest.xml:102:10-106:52
	android:screenOrientation
		ADDED from src\main\AndroidManifest.xml:106:13-49
	android:configChanges
		ADDED from src\main\AndroidManifest.xml:104:13-63
	android:theme
		ADDED from src\main\AndroidManifest.xml:105:13-56
	android:name
		ADDED from src\main\AndroidManifest.xml:103:13-70
activity#com.example.android.BluetoothChat.Progress
ADDED from src\main\AndroidManifest.xml:107:3-112:52
	android:screenOrientation
		ADDED from src\main\AndroidManifest.xml:112:13-49
	android:label
		ADDED from src\main\AndroidManifest.xml:111:13-45
	android:configChanges
		ADDED from src\main\AndroidManifest.xml:109:13-63
	android:theme
		ADDED from src\main\AndroidManifest.xml:110:13-56
	android:name
		ADDED from src\main\AndroidManifest.xml:108:13-70
receiver#com.example.android.BluetoothChat.BluetoothChat$Receiver
ADDED from src\main\AndroidManifest.xml:113:9-119:20
	android:enabled
		ADDED from src\main\AndroidManifest.xml:115:13-35
	android:name
		ADDED from src\main\AndroidManifest.xml:114:13-84
intent-filter#com.example.android.BluetoothChat
ADDED from src\main\AndroidManifest.xml:116:13-118:29
action#com.example.android.BluetoothChat
ADDED from src\main\AndroidManifest.xml:117:6-65
	android:name
		ADDED from src\main\AndroidManifest.xml:117:14-62
receiver#com.example.android.BluetoothChat.Online$Receiver
ADDED from src\main\AndroidManifest.xml:120:9-126:20
	android:enabled
		ADDED from src\main\AndroidManifest.xml:122:13-35
	android:name
		ADDED from src\main\AndroidManifest.xml:121:13-77
receiver#com.example.android.BluetoothChat.Mark$Receiver
ADDED from src\main\AndroidManifest.xml:127:9-133:20
	android:enabled
		ADDED from src\main\AndroidManifest.xml:129:13-35
	android:name
		ADDED from src\main\AndroidManifest.xml:128:13-75
receiver#com.example.android.BluetoothChat.InitMark$Receiver
ADDED from src\main\AndroidManifest.xml:134:10-140:20
	android:enabled
		ADDED from src\main\AndroidManifest.xml:136:13-35
	android:name
		ADDED from src\main\AndroidManifest.xml:135:13-79
service#com.example.android.BluetoothChat.KeepService
ADDED from src\main\AndroidManifest.xml:141:9-104
	android:enabled
		ADDED from src\main\AndroidManifest.xml:141:18-40
	android:name
		ADDED from src\main\AndroidManifest.xml:141:41-101